0 info it worked if it ends with ok
1 verbose cli [ '/usr/bin/node', '/usr/bin/npm', 'start' ]
2 info using npm@3.10.2
3 info using node@v6.2.2
4 verbose run-script [ 'prestart', 'start', 'poststart' ]
5 info lifecycle mapextractor@0.0.0~prestart: mapextractor@0.0.0
6 silly lifecycle mapextractor@0.0.0~prestart: no script for prestart, continuing
7 info lifecycle mapextractor@0.0.0~start: mapextractor@0.0.0
8 verbose lifecycle mapextractor@0.0.0~start: unsafe-perm in lifecycle true
9 verbose lifecycle mapextractor@0.0.0~start: PATH: /usr/lib/node_modules/npm/bin/node-gyp-bin:/home/jinno/Projects/Development/freelance/mapextractor/node_modules/.bin:/usr/bin:/usr/local/sbin:/usr/local/bin:/usr/bin:/usr/bin/site_perl:/usr/bin/vendor_perl:/usr/bin/core_perl
10 verbose lifecycle mapextractor@0.0.0~start: CWD: /home/jinno/Projects/Development/freelance/mapextractor
11 silly lifecycle mapextractor@0.0.0~start: Args: [ '-c', 'node ./bin/www' ]
12 silly lifecycle mapextractor@0.0.0~start: Returned: code: 1  signal: null
13 info lifecycle mapextractor@0.0.0~start: Failed to exec start script
14 verbose stack Error: mapextractor@0.0.0 start: `node ./bin/www`
14 verbose stack Exit status 1
14 verbose stack     at EventEmitter.<anonymous> (/usr/lib/node_modules/npm/lib/utils/lifecycle.js:242:16)
14 verbose stack     at emitTwo (events.js:106:13)
14 verbose stack     at EventEmitter.emit (events.js:191:7)
14 verbose stack     at ChildProcess.<anonymous> (/usr/lib/node_modules/npm/lib/utils/spawn.js:40:14)
14 verbose stack     at emitTwo (events.js:106:13)
14 verbose stack     at ChildProcess.emit (events.js:191:7)
14 verbose stack     at maybeClose (internal/child_process.js:852:16)
14 verbose stack     at Process.ChildProcess._handle.onexit (internal/child_process.js:215:5)
15 verbose pkgid mapextractor@0.0.0
16 verbose cwd /home/jinno/Projects/Development/freelance/mapextractor
17 error Linux 4.6.2-1-ARCH
18 error argv "/usr/bin/node" "/usr/bin/npm" "start"
19 error node v6.2.2
20 error npm  v3.10.2
21 error code ELIFECYCLE
22 error mapextractor@0.0.0 start: `node ./bin/www`
22 error Exit status 1
23 error Failed at the mapextractor@0.0.0 start script 'node ./bin/www'.
23 error Make sure you have the latest version of node.js and npm installed.
23 error If you do, this is most likely a problem with the mapextractor package,
23 error not with npm itself.
23 error Tell the author that this fails on your system:
23 error     node ./bin/www
23 error You can get information on how to open an issue for this project with:
23 error     npm bugs mapextractor
23 error Or if that isn't available, you can get their info via:
23 error     npm owner ls mapextractor
23 error There is likely additional logging output above.
24 verbose exit [ 1, true ]
